=== RB Model Fitting Diagnostics === 
Training rows: 36609 
High NA rates in required features:  is_home (100%), carries_roll7 (59.8%), targets_roll7 (59.8%) 
 
Fitting: target_carries__early 
  Features used: is_home 
  Rows available: 6865 
  Rows used: 6865 
  Model: target_carries__early | Features: is_home | Rows available: 6865 | Rows used: 6865 | Fit: baseline | Fallback: TRUE 
 
Fitting: target_carries__mid 
  Features used: is_home, carries_roll3, targets_roll3 
  Rows available: 4200 
  Rows used: 2973 
  Model: target_carries__mid | Features: is_home, carries_roll3, targets_roll3 | Rows available: 4200 | Rows used: 2973 | Fit: baseline | Fallback: TRUE 
 
Fitting: target_carries__late 
  Features used: is_home, carries_roll3, targets_roll3, carries_roll5, targets_roll5 
  Rows available: 4077 
  Rows used: 2137 
  Model: target_carries__late | Features: is_home, carries_roll3, targets_roll3, carries_roll5, targets_roll5 | Rows available: 4077 | Rows used: 2137 | Fit: baseline | Fallback: TRUE 
 
Fitting: target_carries__standard 
  Features used: is_home, carries_roll3, targets_roll3, carries_roll5, targets_roll5, carries_roll7, targets_roll7 
  Rows available: 21467 
  Rows used: 14710 
  Model: target_carries__standard | Features: is_home, carries_roll3, targets_roll3, carries_roll5, targets_roll5, carries_roll7, targets_roll7 | Rows available: 21467 | Rows used: 14710 | Fit: baseline | Fallback: TRUE 
 
Fitting: target_receptions__early 
  Features used: is_home 
  Rows available: 6865 
  Rows used: 6865 
  Model: target_receptions__early | Features: is_home | Rows available: 6865 | Rows used: 6865 | Fit: baseline | Fallback: TRUE 
 
Fitting: target_receptions__mid 
  Features used: is_home, carries_roll3, targets_roll3 
  Rows available: 4200 
  Rows used: 2973 
  Model: target_receptions__mid | Features: is_home, carries_roll3, targets_roll3 | Rows available: 4200 | Rows used: 2973 | Fit: baseline | Fallback: TRUE 
 
Fitting: target_receptions__late 
  Features used: is_home, carries_roll3, targets_roll3, carries_roll5, targets_roll5 
  Rows available: 4077 
  Rows used: 2137 
  Model: target_receptions__late | Features: is_home, carries_roll3, targets_roll3, carries_roll5, targets_roll5 | Rows available: 4077 | Rows used: 2137 | Fit: baseline | Fallback: TRUE 
 
Fitting: target_receptions__standard 
  Features used: is_home, carries_roll3, targets_roll3, carries_roll5, targets_roll5, carries_roll7, targets_roll7 
  Rows available: 21467 
  Rows used: 14710 
  Model: target_receptions__standard | Features: is_home, carries_roll3, targets_roll3, carries_roll5, targets_roll5, carries_roll7, targets_roll7 | Rows available: 21467 | Rows used: 14710 | Fit: baseline | Fallback: TRUE 
 
Fitting: target_rush_tds__early 
  Features used: is_home 
  Rows available: 6865 
  Rows used: 6865 
  Model: target_rush_tds__early | Features: is_home | Rows available: 6865 | Rows used: 6865 | Fit: baseline | Fallback: TRUE 
 
Fitting: target_rush_tds__mid 
  Features used: is_home, carries_roll3, targets_roll3 
  Rows available: 4200 
  Rows used: 2973 
  Model: target_rush_tds__mid | Features: is_home, carries_roll3, targets_roll3 | Rows available: 4200 | Rows used: 2973 | Fit: baseline | Fallback: TRUE 
 
Fitting: target_rush_tds__late 
  Features used: is_home, carries_roll3, targets_roll3, carries_roll5, targets_roll5 
  Rows available: 4077 
  Rows used: 2137 
  Model: target_rush_tds__late | Features: is_home, carries_roll3, targets_roll3, carries_roll5, targets_roll5 | Rows available: 4077 | Rows used: 2137 | Fit: baseline | Fallback: TRUE 
 
Fitting: target_rush_tds__standard 
  Features used: is_home, carries_roll3, targets_roll3, carries_roll5, targets_roll5, carries_roll7, targets_roll7 
  Rows available: 21467 
  Rows used: 14710 
  Model: target_rush_tds__standard | Features: is_home, carries_roll3, targets_roll3, carries_roll5, targets_roll5, carries_roll7, targets_roll7 | Rows available: 21467 | Rows used: 14710 | Fit: baseline | Fallback: TRUE 
 
Fitting: target_rec_tds__early 
  Features used: is_home 
  Rows available: 6865 
  Rows used: 6865 
  Model: target_rec_tds__early | Features: is_home | Rows available: 6865 | Rows used: 6865 | Fit: baseline | Fallback: TRUE 
 
Fitting: target_rec_tds__mid 
  Features used: is_home, carries_roll3, targets_roll3 
  Rows available: 4200 
  Rows used: 2973 
  Model: target_rec_tds__mid | Features: is_home, carries_roll3, targets_roll3 | Rows available: 4200 | Rows used: 2973 | Fit: baseline | Fallback: TRUE 
 
Fitting: target_rec_tds__late 
  Features used: is_home, carries_roll3, targets_roll3, carries_roll5, targets_roll5 
  Rows available: 4077 
  Rows used: 2137 
  Model: target_rec_tds__late | Features: is_home, carries_roll3, targets_roll3, carries_roll5, targets_roll5 | Rows available: 4077 | Rows used: 2137 | Fit: baseline | Fallback: TRUE 
 
Fitting: target_rec_tds__standard 
  Features used: is_home, carries_roll3, targets_roll3, carries_roll5, targets_roll5, carries_roll7, targets_roll7 
  Rows available: 21467 
  Rows used: 14710 
  Model: target_rec_tds__standard | Features: is_home, carries_roll3, targets_roll3, carries_roll5, targets_roll5, carries_roll7, targets_roll7 | Rows available: 21467 | Rows used: 14710 | Fit: baseline | Fallback: TRUE 
 
=== Fitting Summary === 
Total models: 16 
Fitted: 0 
Baseline (fallback): 16 
 
Time-aware feature usage by regime: 
   early :  is_home  ( 6865  rows) 
   mid :  is_home, carries_roll3, targets_roll3  ( 2973  rows) 
   late :  is_home, carries_roll3, targets_roll3, carries_roll5, targets_roll5  ( 2137  rows) 
   standard :  is_home, carries_roll3, targets_roll3, carries_roll5, targets_roll5, carries_roll7, targets_roll7  ( 14710  rows) 
Simulating for week 8 -> regime: standard 
Simulation draws columns: 
carries, receptions, rush_tds, rec_tds, rush_yards, rec_yards 
Simulation draws columns (before resolution):
carries, receptions, rush_tds, rec_tds, rush_yards, rec_yards 
Simulation draws columns (after resolution):
carries, receptions, rush_tds, rec_tds, rush_yards, rec_yards, rushing_yards, receiving_yards, total_touchdowns 
 
=== RB Simulation Start === 
Player: Bijan Robinson | Team: ATL | Opponent: PHI 
Season: 2024 | Week: 2 
